  Vcpkg is unable to link because we cannot decide between Release and Debug libraries. Please define the property VcpkgConfiguration to be 'Release' or 'Debug' (currently 'Profile').
  OverlordProject.vcxproj -> D:\DAE\SEM4\Graphics Programming 2\OverlordEngine\x64\Profile\OverlordProject.exe
  0 File(s) copied
  0 File(s) copied
  D:\DAE\SEM4\Graphics Programming 2\OverlordEngine\OverlordProject\Resources\Audio\AmbientBirds.mp3
  D:\DAE\SEM4\Graphics Programming 2\OverlordEngine\OverlordProject\Resources\Audio\AmbientWind.mp3
  D:\DAE\SEM4\Graphics Programming 2\OverlordEngine\OverlordProject\Resources\Audio\DanceoftheMammoths.mp3
  D:\DAE\SEM4\Graphics Programming 2\OverlordEngine\OverlordProject\Resources\Audio\Dawn_of_Man.mp3
  D:\DAE\SEM4\Graphics Programming 2\OverlordEngine\OverlordProject\Resources\Audio\Jump.mp3
  D:\DAE\SEM4\Graphics Programming 2\OverlordEngine\OverlordProject\Resources\Audio\Running.mp3
  D:\DAE\SEM4\Graphics Programming 2\OverlordEngine\OverlordProject\Resources\Audio\SlideHard.mp3
  D:\DAE\SEM4\Graphics Programming 2\OverlordEngine\OverlordProject\Resources\Audio\SlideSoft.mp3
  D:\DAE\SEM4\Graphics Programming 2\OverlordEngine\OverlordProject\Resources\Audio\SlideSoft2.mp3
  D:\DAE\SEM4\Graphics Programming 2\OverlordEngine\OverlordProject\Resources\Effects\DebugRenderer.fx
  D:\DAE\SEM4\Graphics Programming 2\OverlordEngine\OverlordProject\Resources\Effects\ParticleRenderer.fx
  D:\DAE\SEM4\Graphics Programming 2\OverlordEngine\OverlordProject\Resources\Effects\Pbr.fx
  D:\DAE\SEM4\Graphics Programming 2\OverlordEngine\OverlordProject\Resources\Effects\PbrGround.fx
  D:\DAE\SEM4\Graphics Programming 2\OverlordEngine\OverlordProject\Resources\Effects\PosNormCol3D.fx
  D:\DAE\SEM4\Graphics Programming 2\OverlordEngine\OverlordProject\Resources\Effects\PosNormTex3D.fx
  D:\DAE\SEM4\Graphics Programming 2\OverlordEngine\OverlordProject\Resources\Effects\PosNormTex3D_Skinned.fx
  D:\DAE\SEM4\Graphics Programming 2\OverlordEngine\OverlordProject\Resources\Effects\SpikeyShader.fx
  D:\DAE\SEM4\Graphics Programming 2\OverlordEngine\OverlordProject\Resources\Effects\SpriteRenderer.fx
  D:\DAE\SEM4\Graphics Programming 2\OverlordEngine\OverlordProject\Resources\Effects\TextRenderer.fx
  D:\DAE\SEM4\Graphics Programming 2\OverlordEngine\OverlordProject\Resources\Effects\UberShader.fx
  D:\DAE\SEM4\Graphics Programming 2\OverlordEngine\OverlordProject\Resources\Effects\Pbr\PbrBase.fx
  D:\DAE\SEM4\Graphics Programming 2\OverlordEngine\OverlordProject\Resources\Effects\Pbr\PbrBase_Shadow.fx
  D:\DAE\SEM4\Graphics Programming 2\OverlordEngine\OverlordProject\Resources\Effects\Pbr\PbrDefault.fx
  D:\DAE\SEM4\Graphics Programming 2\OverlordEngine\OverlordProject\Resources\Effects\Pbr\PbrDefault_Shadow.fx
  D:\DAE\SEM4\Graphics Programming 2\OverlordEngine\OverlordProject\Resources\Effects\Pbr\PbrFoliage.fx
  D:\DAE\SEM4\Graphics Programming 2\OverlordEngine\OverlordProject\Resources\Effects\Pbr\PbrFoliage_Shadow.fx
  D:\DAE\SEM4\Graphics Programming 2\OverlordEngine\OverlordProject\Resources\Effects\Pbr\PbrGround.fx
  D:\DAE\SEM4\Graphics Programming 2\OverlordEngine\OverlordProject\Resources\Effects\Pbr\PbrGround_Shadow.fx
  D:\DAE\SEM4\Graphics Programming 2\OverlordEngine\OverlordProject\Resources\Effects\Pbr\PbrInstanced.fx
  D:\DAE\SEM4\Graphics Programming 2\OverlordEngine\OverlordProject\Resources\Effects\Pbr\PbrInstancedProps.fx
  D:\DAE\SEM4\Graphics Programming 2\OverlordEngine\OverlordProject\Resources\Effects\Pbr\PbrRoads_Shadow.fx
  D:\DAE\SEM4\Graphics Programming 2\OverlordEngine\OverlordProject\Resources\Effects\Post\Blur.fx
  D:\DAE\SEM4\Graphics Programming 2\OverlordEngine\OverlordProject\Resources\Effects\Post\DepthFog.fx
  D:\DAE\SEM4\Graphics Programming 2\OverlordEngine\OverlordProject\Resources\Effects\Post\Filters.fx
  D:\DAE\SEM4\Graphics Programming 2\OverlordEngine\OverlordProject\Resources\Effects\Post\Fxaa.fx
  D:\DAE\SEM4\Graphics Programming 2\OverlordEngine\OverlordProject\Resources\Effects\Post\Grayscale.fx
  D:\DAE\SEM4\Graphics Programming 2\OverlordEngine\OverlordProject\Resources\Effects\Shadow\PosNormTex3D_Shadow.fx
  D:\DAE\SEM4\Graphics Programming 2\OverlordEngine\OverlordProject\Resources\Effects\Shadow\PosNormTex3D_Skinned_Shadow.fx
  D:\DAE\SEM4\Graphics Programming 2\OverlordEngine\OverlordProject\Resources\Effects\Shadow\ShadowMapGenerator.fx
  D:\DAE\SEM4\Graphics Programming 2\OverlordEngine\OverlordProject\Resources\Effects\TR\TRBase.fx
  D:\DAE\SEM4\Graphics Programming 2\OverlordEngine\OverlordProject\Resources\Effects\TR\TRDefault.fx
  D:\DAE\SEM4\Graphics Programming 2\OverlordEngine\OverlordProject\Resources\Effects\TR\TRDefaultSkinned.fx
  D:\DAE\SEM4\Graphics Programming 2\OverlordEngine\OverlordProject\Resources\Effects\TR\TRGround.fx
  D:\DAE\SEM4\Graphics Programming 2\OverlordEngine\OverlordProject\Resources\Effects\TR\TRInstanced.fx
  D:\DAE\SEM4\Graphics Programming 2\OverlordEngine\OverlordProject\Resources\Effects\TR\TRInstancedProps.fx
  D:\DAE\SEM4\Graphics Programming 2\OverlordEngine\OverlordProject\Resources\Meshes\Base.ovpt
  D:\DAE\SEM4\Graphics Programming 2\OverlordEngine\OverlordProject\Resources\Meshes\Bone.ovm
  D:\DAE\SEM4\Graphics Programming 2\OverlordEngine\OverlordProject\Resources\Meshes\Chair.obj
  D:\DAE\SEM4\Graphics Programming 2\OverlordEngine\OverlordProject\Resources\Meshes\Chair.ovm
  D:\DAE\SEM4\Graphics Programming 2\OverlordEngine\OverlordProject\Resources\Meshes\Chair.ovpc
  D:\DAE\SEM4\Graphics Programming 2\OverlordEngine\OverlordProject\Resources\Meshes\Chair.ovpt
  D:\DAE\SEM4\Graphics Programming 2\OverlordEngine\OverlordProject\Resources\Meshes\Gap.ovm
  D:\DAE\SEM4\Graphics Programming 2\OverlordEngine\OverlordProject\Resources\Meshes\GapRoad.ovpt
  D:\DAE\SEM4\Graphics Programming 2\OverlordEngine\OverlordProject\Resources\Meshes\HalfRoad.ovm
  D:\DAE\SEM4\Graphics Programming 2\OverlordEngine\OverlordProject\Resources\Meshes\HalfRoad.ovpt
  D:\DAE\SEM4\Graphics Programming 2\OverlordEngine\OverlordProject\Resources\Meshes\Knight.ovm
  D:\DAE\SEM4\Graphics Programming 2\OverlordEngine\OverlordProject\Resources\Meshes\Level.ovm
  D:\DAE\SEM4\Graphics Programming 2\OverlordEngine\OverlordProject\Resources\Meshes\Level.ovpc
  D:\DAE\SEM4\Graphics Programming 2\OverlordEngine\OverlordProject\Resources\Meshes\Level.ovpt
  D:\DAE\SEM4\Graphics Programming 2\OverlordEngine\OverlordProject\Resources\Meshes\NormalRoad.ovm
  D:\DAE\SEM4\Graphics Programming 2\OverlordEngine\OverlordProject\Resources\Meshes\PeasantGirl.ovm
  D:\DAE\SEM4\Graphics Programming 2\OverlordEngine\OverlordProject\Resources\Meshes\Plane.ovm
  D:\DAE\SEM4\Graphics Programming 2\OverlordEngine\OverlordProject\Resources\Meshes\Road.ovpt
  D:\DAE\SEM4\Graphics Programming 2\OverlordEngine\OverlordProject\Resources\Meshes\SimpleLevel.ovm
  D:\DAE\SEM4\Graphics Programming 2\OverlordEngine\OverlordProject\Resources\Meshes\SimpleLevel.ovpt
  D:\DAE\SEM4\Graphics Programming 2\OverlordEngine\OverlordProject\Resources\Meshes\Sphere.ovm
  D:\DAE\SEM4\Graphics Programming 2\OverlordEngine\OverlordProject\Resources\Meshes\Teapot.ovm
  D:\DAE\SEM4\Graphics Programming 2\OverlordEngine\OverlordProject\Resources\Meshes\UnitPlane.ovm
  D:\DAE\SEM4\Graphics Programming 2\OverlordEngine\OverlordProject\Resources\Meshes\TR\Adventurer.ovm
  D:\DAE\SEM4\Graphics Programming 2\OverlordEngine\OverlordProject\Resources\Meshes\TR\Adventurer0.ovm
  D:\DAE\SEM4\Graphics Programming 2\OverlordEngine\OverlordProject\Resources\Meshes\TR\Base.ovm
  D:\DAE\SEM4\Graphics Programming 2\OverlordEngine\OverlordProject\Resources\Meshes\TR\Base.ovpc
  D:\DAE\SEM4\Graphics Programming 2\OverlordEngine\OverlordProject\Resources\Meshes\TR\Brick.ovm
  D:\DAE\SEM4\Graphics Programming 2\OverlordEngine\OverlordProject\Resources\Meshes\TR\Bush1.ovm
  D:\DAE\SEM4\Graphics Programming 2\OverlordEngine\OverlordProject\Resources\Meshes\TR\Bush2.ovm
  D:\DAE\SEM4\Graphics Programming 2\OverlordEngine\OverlordProject\Resources\Meshes\TR\Bush3.ovm
  D:\DAE\SEM4\Graphics Programming 2\OverlordEngine\OverlordProject\Resources\Meshes\TR\Bush4.ovm
  D:\DAE\SEM4\Graphics Programming 2\OverlordEngine\OverlordProject\Resources\Meshes\TR\Bush5_b.ovm
  D:\DAE\SEM4\Graphics Programming 2\OverlordEngine\OverlordProject\Resources\Meshes\TR\Bush5_l.ovm
  D:\DAE\SEM4\Graphics Programming 2\OverlordEngine\OverlordProject\Resources\Meshes\TR\Conifer1_Leaves.ovm
  D:\DAE\SEM4\Graphics Programming 2\OverlordEngine\OverlordProject\Resources\Meshes\TR\Conifer1_Trunk.ovm
  D:\DAE\SEM4\Graphics Programming 2\OverlordEngine\OverlordProject\Resources\Meshes\TR\Conifer2_Leaves.ovm
  D:\DAE\SEM4\Graphics Programming 2\OverlordEngine\OverlordProject\Resources\Meshes\TR\Conifer2_Trunk.ovm
  D:\DAE\SEM4\Graphics Programming 2\OverlordEngine\OverlordProject\Resources\Meshes\TR\Conifer3_Leaves.ovm
  D:\DAE\SEM4\Graphics Programming 2\OverlordEngine\OverlordProject\Resources\Meshes\TR\Conifer3_Trunk.ovm
  D:\DAE\SEM4\Graphics Programming 2\OverlordEngine\OverlordProject\Resources\Meshes\TR\FireHolder.ovm
  D:\DAE\SEM4\Graphics Programming 2\OverlordEngine\OverlordProject\Resources\Meshes\TR\GapRoad.ovm
  D:\DAE\SEM4\Graphics Programming 2\OverlordEngine\OverlordProject\Resources\Meshes\TR\GapRoad.ovpc
  D:\DAE\SEM4\Graphics Programming 2\OverlordEngine\OverlordProject\Resources\Meshes\TR\Grass1_1.ovm
  D:\DAE\SEM4\Graphics Programming 2\OverlordEngine\OverlordProject\Resources\Meshes\TR\Grass1_2.ovm
  D:\DAE\SEM4\Graphics Programming 2\OverlordEngine\OverlordProject\Resources\Meshes\TR\Grass2_1.ovm
  D:\DAE\SEM4\Graphics Programming 2\OverlordEngine\OverlordProject\Resources\Meshes\TR\Grass2_2.ovm
  D:\DAE\SEM4\Graphics Programming 2\OverlordEngine\OverlordProject\Resources\Meshes\TR\Grass2_3.ovm
  D:\DAE\SEM4\Graphics Programming 2\OverlordEngine\OverlordProject\Resources\Meshes\TR\Grass2_4.ovm
  D:\DAE\SEM4\Graphics Programming 2\OverlordEngine\OverlordProject\Resources\Meshes\TR\GroundPlane.ovm
  D:\DAE\SEM4\Graphics Programming 2\OverlordEngine\OverlordProject\Resources\Meshes\TR\HalfRoad.ovm
  D:\DAE\SEM4\Graphics Programming 2\OverlordEngine\OverlordProject\Resources\Meshes\TR\HalfRoad.ovpc
  D:\DAE\SEM4\Graphics Programming 2\OverlordEngine\OverlordProject\Resources\Meshes\TR\Ivantea.ovm
  D:\DAE\SEM4\Graphics Programming 2\OverlordEngine\OverlordProject\Resources\Meshes\TR\Moss.ovm
  D:\DAE\SEM4\Graphics Programming 2\OverlordEngine\OverlordProject\Resources\Meshes\TR\Nettle.ovm
  D:\DAE\SEM4\Graphics Programming 2\OverlordEngine\OverlordProject\Resources\Meshes\TR\Obstacle.ovm
  D:\DAE\SEM4\Graphics Programming 2\OverlordEngine\OverlordProject\Resources\Meshes\TR\Oduvanchik.ovm
  D:\DAE\SEM4\Graphics Programming 2\OverlordEngine\OverlordProject\Resources\Meshes\TR\Pillar.ovm
  D:\DAE\SEM4\Graphics Programming 2\OverlordEngine\OverlordProject\Resources\Meshes\TR\Ramashka.ovm
  D:\DAE\SEM4\Graphics Programming 2\OverlordEngine\OverlordProject\Resources\Meshes\TR\Road.ovm
  D:\DAE\SEM4\Graphics Programming 2\OverlordEngine\OverlordProject\Resources\Meshes\TR\Road.ovpc
  D:\DAE\SEM4\Graphics Programming 2\OverlordEngine\OverlordProject\Resources\Meshes\TR\Rock1.ovm
  D:\DAE\SEM4\Graphics Programming 2\OverlordEngine\OverlordProject\Resources\Meshes\TR\Rock2.ovm
  D:\DAE\SEM4\Graphics Programming 2\OverlordEngine\OverlordProject\Resources\Meshes\TR\Rock3.ovm
  D:\DAE\SEM4\Graphics Programming 2\OverlordEngine\OverlordProject\Resources\Meshes\TR\TileQuad.ovm
  D:\DAE\SEM4\Graphics Programming 2\OverlordEngine\OverlordProject\Resources\Meshes\TR\Zont.ovm
  D:\DAE\SEM4\Graphics Programming 2\OverlordEngine\OverlordProject\Resources\SpriteFonts\Astrantia_32.fnt
  D:\DAE\SEM4\Graphics Programming 2\OverlordEngine\OverlordProject\Resources\SpriteFonts\Astrantia_32_0.dds
  D:\DAE\SEM4\Graphics Programming 2\OverlordEngine\OverlordProject\Resources\SpriteFonts\Astrantia_32_Bold.fnt
  D:\DAE\SEM4\Graphics Programming 2\OverlordEngine\OverlordProject\Resources\SpriteFonts\Astrantia_32_Bold_0.dds
  D:\DAE\SEM4\Graphics Programming 2\OverlordEngine\OverlordProject\Resources\SpriteFonts\Astrantia_48_Bold.fnt
  D:\DAE\SEM4\Graphics Programming 2\OverlordEngine\OverlordProject\Resources\SpriteFonts\Astrantia_48_Bold_0.dds
  D:\DAE\SEM4\Graphics Programming 2\OverlordEngine\OverlordProject\Resources\SpriteFonts\Astrantia_64.fnt
  D:\DAE\SEM4\Graphics Programming 2\OverlordEngine\OverlordProject\Resources\SpriteFonts\Astrantia_64_0.dds
  D:\DAE\SEM4\Graphics Programming 2\OverlordEngine\OverlordProject\Resources\SpriteFonts\Astrantia_64_Bold.fnt
  D:\DAE\SEM4\Graphics Programming 2\OverlordEngine\OverlordProject\Resources\SpriteFonts\Astrantia_64_Bold_0.dds
  D:\DAE\SEM4\Graphics Programming 2\OverlordEngine\OverlordProject\Resources\SpriteFonts\Consolas_12.fnt
  D:\DAE\SEM4\Graphics Programming 2\OverlordEngine\OverlordProject\Resources\SpriteFonts\Consolas_12_0.png
  D:\DAE\SEM4\Graphics Programming 2\OverlordEngine\OverlordProject\Resources\SpriteFonts\Consolas_20.fnt
  D:\DAE\SEM4\Graphics Programming 2\OverlordEngine\OverlordProject\Resources\SpriteFonts\Consolas_20_0.png
  D:\DAE\SEM4\Graphics Programming 2\OverlordEngine\OverlordProject\Resources\SpriteFonts\Consolas_32.fnt
  D:\DAE\SEM4\Graphics Programming 2\OverlordEngine\OverlordProject\Resources\SpriteFonts\Consolas_32_0.png
  D:\DAE\SEM4\Graphics Programming 2\OverlordEngine\OverlordProject\Resources\Textures\Chair_Dark.dds
  D:\DAE\SEM4\Graphics Programming 2\OverlordEngine\OverlordProject\Resources\Textures\FireBall.png
  D:\DAE\SEM4\Graphics Programming 2\OverlordEngine\OverlordProject\Resources\Textures\GP2Exam2020_MainMenu.png
  D:\DAE\SEM4\Graphics Programming 2\OverlordEngine\OverlordProject\Resources\Textures\GroundBrick.jpg
  D:\DAE\SEM4\Graphics Programming 2\OverlordEngine\OverlordProject\Resources\Textures\Knight.jpg
  D:\DAE\SEM4\Graphics Programming 2\OverlordEngine\OverlordProject\Resources\Textures\PeasantGirl_Diffuse.png
  D:\DAE\SEM4\Graphics Programming 2\OverlordEngine\OverlordProject\Resources\Textures\PeasantGirl_Normal.png
  D:\DAE\SEM4\Graphics Programming 2\OverlordEngine\OverlordProject\Resources\Textures\PeasantGirl_Specular.png
  D:\DAE\SEM4\Graphics Programming 2\OverlordEngine\OverlordProject\Resources\Textures\Perlin.jpg
  D:\DAE\SEM4\Graphics Programming 2\OverlordEngine\OverlordProject\Resources\Textures\Perlin.png
  D:\DAE\SEM4\Graphics Programming 2\OverlordEngine\OverlordProject\Resources\Textures\Smoke.png
  D:\DAE\SEM4\Graphics Programming 2\OverlordEngine\OverlordProject\Resources\Textures\Sunol_Cubemap.dds
  D:\DAE\SEM4\Graphics Programming 2\OverlordEngine\OverlordProject\Resources\Textures\TestSprite.jpg
  D:\DAE\SEM4\Graphics Programming 2\OverlordEngine\OverlordProject\Resources\Textures\Bark\Albedo.jpg
  D:\DAE\SEM4\Graphics Programming 2\OverlordEngine\OverlordProject\Resources\Textures\Bark\AO.jpg
  D:\DAE\SEM4\Graphics Programming 2\OverlordEngine\OverlordProject\Resources\Textures\Bark\Displacement.jpg
  D:\DAE\SEM4\Graphics Programming 2\OverlordEngine\OverlordProject\Resources\Textures\Bark\Normal.jpg
  D:\DAE\SEM4\Graphics Programming 2\OverlordEngine\OverlordProject\Resources\Textures\Bark\Roughness.jpg
  D:\DAE\SEM4\Graphics Programming 2\OverlordEngine\OverlordProject\Resources\Textures\Base\Base_Albedo.png
  D:\DAE\SEM4\Graphics Programming 2\OverlordEngine\OverlordProject\Resources\Textures\Base\Base_AO.png
  D:\DAE\SEM4\Graphics Programming 2\OverlordEngine\OverlordProject\Resources\Textures\Base\Base_Displacement.exr
  D:\DAE\SEM4\Graphics Programming 2\OverlordEngine\OverlordProject\Resources\Textures\Base\Base_Normal.png
  D:\DAE\SEM4\Graphics Programming 2\OverlordEngine\OverlordProject\Resources\Textures\Base\Base_Roughness.png
  D:\DAE\SEM4\Graphics Programming 2\OverlordEngine\OverlordProject\Resources\Textures\BrickRough\Albedo.jpg
  D:\DAE\SEM4\Graphics Programming 2\OverlordEngine\OverlordProject\Resources\Textures\BrickRough\AO.jpg
  D:\DAE\SEM4\Graphics Programming 2\OverlordEngine\OverlordProject\Resources\Textures\BrickRough\Displacement.jpg
  D:\DAE\SEM4\Graphics Programming 2\OverlordEngine\OverlordProject\Resources\Textures\BrickRough\Normal.jpg
  D:\DAE\SEM4\Graphics Programming 2\OverlordEngine\OverlordProject\Resources\Textures\BrickRough\Roughness.jpg
  D:\DAE\SEM4\Graphics Programming 2\OverlordEngine\OverlordProject\Resources\Textures\GrassBrick\Albedo.jpg
  D:\DAE\SEM4\Graphics Programming 2\OverlordEngine\OverlordProject\Resources\Textures\GrassBrick\AO.jpg
  D:\DAE\SEM4\Graphics Programming 2\OverlordEngine\OverlordProject\Resources\Textures\GrassBrick\Displacement.jpg
  D:\DAE\SEM4\Graphics Programming 2\OverlordEngine\OverlordProject\Resources\Textures\GrassBrick\Normal.jpg
  D:\DAE\SEM4\Graphics Programming 2\OverlordEngine\OverlordProject\Resources\Textures\GrassBrick\Roughness.jpg
  D:\DAE\SEM4\Graphics Programming 2\OverlordEngine\OverlordProject\Resources\Textures\JungleTempleFloor\Albedo.jpg
  D:\DAE\SEM4\Graphics Programming 2\OverlordEngine\OverlordProject\Resources\Textures\JungleTempleFloor\AO.jpg
  D:\DAE\SEM4\Graphics Programming 2\OverlordEngine\OverlordProject\Resources\Textures\JungleTempleFloor\Displacement.jpg
  D:\DAE\SEM4\Graphics Programming 2\OverlordEngine\OverlordProject\Resources\Textures\JungleTempleFloor\JungleTempleFloor_Albedo.png
  D:\DAE\SEM4\Graphics Programming 2\OverlordEngine\OverlordProject\Resources\Textures\JungleTempleFloor\JungleTempleFloor_AO.png
  D:\DAE\SEM4\Graphics Programming 2\OverlordEngine\OverlordProject\Resources\Textures\JungleTempleFloor\JungleTempleFloor_Displacement.exr
  D:\DAE\SEM4\Graphics Programming 2\OverlordEngine\OverlordProject\Resources\Textures\JungleTempleFloor\JungleTempleFloor_Normal.png
  D:\DAE\SEM4\Graphics Programming 2\OverlordEngine\OverlordProject\Resources\Textures\JungleTempleFloor\JungleTempleFloor_Roughness.png
  D:\DAE\SEM4\Graphics Programming 2\OverlordEngine\OverlordProject\Resources\Textures\JungleTempleFloor\Normal.jpg
  D:\DAE\SEM4\Graphics Programming 2\OverlordEngine\OverlordProject\Resources\Textures\JungleTempleFloor\Roughness.jpg
  D:\DAE\SEM4\Graphics Programming 2\OverlordEngine\OverlordProject\Resources\Textures\MetalScratch\Albedo.jpg
  D:\DAE\SEM4\Graphics Programming 2\OverlordEngine\OverlordProject\Resources\Textures\MetalScratch\Displacement.jpg
  D:\DAE\SEM4\Graphics Programming 2\OverlordEngine\OverlordProject\Resources\Textures\MetalScratch\Metalness.jpg
  D:\DAE\SEM4\Graphics Programming 2\OverlordEngine\OverlordProject\Resources\Textures\MetalScratch\Normal.jpg
  D:\DAE\SEM4\Graphics Programming 2\OverlordEngine\OverlordProject\Resources\Textures\MetalScratch\Roughness.jpg
  D:\DAE\SEM4\Graphics Programming 2\OverlordEngine\OverlordProject\Resources\Textures\props\props_Albedo.png
  D:\DAE\SEM4\Graphics Programming 2\OverlordEngine\OverlordProject\Resources\Textures\props\props_AO.png
  D:\DAE\SEM4\Graphics Programming 2\OverlordEngine\OverlordProject\Resources\Textures\props\props_Displacement.png
  D:\DAE\SEM4\Graphics Programming 2\OverlordEngine\OverlordProject\Resources\Textures\props\props_Normal.png
  D:\DAE\SEM4\Graphics Programming 2\OverlordEngine\OverlordProject\Resources\Textures\props\props_Roughness.png
  D:\DAE\SEM4\Graphics Programming 2\OverlordEngine\OverlordProject\Resources\Textures\road\Albedo.png
  D:\DAE\SEM4\Graphics Programming 2\OverlordEngine\OverlordProject\Resources\Textures\road\AO.png
  D:\DAE\SEM4\Graphics Programming 2\OverlordEngine\OverlordProject\Resources\Textures\road\Normal.png
  D:\DAE\SEM4\Graphics Programming 2\OverlordEngine\OverlordProject\Resources\Textures\road\road_Displacement.exr
  D:\DAE\SEM4\Graphics Programming 2\OverlordEngine\OverlordProject\Resources\Textures\road\Roughness.png
  D:\DAE\SEM4\Graphics Programming 2\OverlordEngine\OverlordProject\Resources\Textures\TempleWall\Albedo.jpg
  D:\DAE\SEM4\Graphics Programming 2\OverlordEngine\OverlordProject\Resources\Textures\TempleWall\AO.jpg
  D:\DAE\SEM4\Graphics Programming 2\OverlordEngine\OverlordProject\Resources\Textures\TempleWall\Displacement.jpg
  D:\DAE\SEM4\Graphics Programming 2\OverlordEngine\OverlordProject\Resources\Textures\TempleWall\Normal.jpg
  D:\DAE\SEM4\Graphics Programming 2\OverlordEngine\OverlordProject\Resources\Textures\TempleWall\Roughness.jpg
  D:\DAE\SEM4\Graphics Programming 2\OverlordEngine\OverlordProject\Resources\Textures\TR\Base_Albedo.png
  D:\DAE\SEM4\Graphics Programming 2\OverlordEngine\OverlordProject\Resources\Textures\TR\Base_Normal.png
  D:\DAE\SEM4\Graphics Programming 2\OverlordEngine\OverlordProject\Resources\Textures\TR\Base_RoughDispAO.png
  D:\DAE\SEM4\Graphics Programming 2\OverlordEngine\OverlordProject\Resources\Textures\TR\Brick_RoughDispAO.png
  D:\DAE\SEM4\Graphics Programming 2\OverlordEngine\OverlordProject\Resources\Textures\TR\Bush_Albedo.TGA
  D:\DAE\SEM4\Graphics Programming 2\OverlordEngine\OverlordProject\Resources\Textures\TR\Bush_Normal.TGA
  D:\DAE\SEM4\Graphics Programming 2\OverlordEngine\OverlordProject\Resources\Textures\TR\Character_Albedo.png
  D:\DAE\SEM4\Graphics Programming 2\OverlordEngine\OverlordProject\Resources\Textures\TR\Character_Normal.png
  D:\DAE\SEM4\Graphics Programming 2\OverlordEngine\OverlordProject\Resources\Textures\TR\ConiferBark_Albedo.png
  D:\DAE\SEM4\Graphics Programming 2\OverlordEngine\OverlordProject\Resources\Textures\TR\ConiferBark_Normal.png
  D:\DAE\SEM4\Graphics Programming 2\OverlordEngine\OverlordProject\Resources\Textures\TR\Conifer_Albedo.TGA
  D:\DAE\SEM4\Graphics Programming 2\OverlordEngine\OverlordProject\Resources\Textures\TR\Conifer_Normal.TGA
  D:\DAE\SEM4\Graphics Programming 2\OverlordEngine\OverlordProject\Resources\Textures\TR\FireHolder_Albedo.png
  D:\DAE\SEM4\Graphics Programming 2\OverlordEngine\OverlordProject\Resources\Textures\TR\FireHolder_Normal.png
  D:\DAE\SEM4\Graphics Programming 2\OverlordEngine\OverlordProject\Resources\Textures\TR\FireHolder_RoughDispAO.png
  D:\DAE\SEM4\Graphics Programming 2\OverlordEngine\OverlordProject\Resources\Textures\TR\Floor_Albedo.png
  D:\DAE\SEM4\Graphics Programming 2\OverlordEngine\OverlordProject\Resources\Textures\TR\Floor_Normal.png
  D:\DAE\SEM4\Graphics Programming 2\OverlordEngine\OverlordProject\Resources\Textures\TR\Floor_RoughDispAO.png
  D:\DAE\SEM4\Graphics Programming 2\OverlordEngine\OverlordProject\Resources\Textures\TR\Floor_Roughness.png
  D:\DAE\SEM4\Graphics Programming 2\OverlordEngine\OverlordProject\Resources\Textures\TR\Grass_Albedo.TGA
  D:\DAE\SEM4\Graphics Programming 2\OverlordEngine\OverlordProject\Resources\Textures\TR\Grass_Normal.TGA
  D:\DAE\SEM4\Graphics Programming 2\OverlordEngine\OverlordProject\Resources\Textures\TR\Nettle_Albedo.TGA
  D:\DAE\SEM4\Graphics Programming 2\OverlordEngine\OverlordProject\Resources\Textures\TR\Nettle_Normal.TGA
  D:\DAE\SEM4\Graphics Programming 2\OverlordEngine\OverlordProject\Resources\Textures\TR\Oduvanchik_Albedo.TGA
  D:\DAE\SEM4\Graphics Programming 2\OverlordEngine\OverlordProject\Resources\Textures\TR\Oduvanchik_Normal.TGA
  D:\DAE\SEM4\Graphics Programming 2\OverlordEngine\OverlordProject\Resources\Textures\TR\Pillar_Albedo.png
  D:\DAE\SEM4\Graphics Programming 2\OverlordEngine\OverlordProject\Resources\Textures\TR\Pillar_Normal.png
  D:\DAE\SEM4\Graphics Programming 2\OverlordEngine\OverlordProject\Resources\Textures\TR\Pillar_RoughDispAO.png
  D:\DAE\SEM4\Graphics Programming 2\OverlordEngine\OverlordProject\Resources\Textures\TR\Props_Albedo.png
  D:\DAE\SEM4\Graphics Programming 2\OverlordEngine\OverlordProject\Resources\Textures\TR\Props_Normal.png
  D:\DAE\SEM4\Graphics Programming 2\OverlordEngine\OverlordProject\Resources\Textures\TR\Props_RoughDispAO.png
  D:\DAE\SEM4\Graphics Programming 2\OverlordEngine\OverlordProject\Resources\Textures\TR\Ramashka_Albedo.TGA
  D:\DAE\SEM4\Graphics Programming 2\OverlordEngine\OverlordProject\Resources\Textures\TR\Ramashka_Normal.TGA
  D:\DAE\SEM4\Graphics Programming 2\OverlordEngine\OverlordProject\Resources\Textures\TR\Road_Albedo.png
  D:\DAE\SEM4\Graphics Programming 2\OverlordEngine\OverlordProject\Resources\Textures\TR\Road_Normal.png
  D:\DAE\SEM4\Graphics Programming 2\OverlordEngine\OverlordProject\Resources\Textures\TR\Road_RoughDispAO.png
  D:\DAE\SEM4\Graphics Programming 2\OverlordEngine\OverlordProject\Resources\Textures\TR\Rock_Albedo.png
  D:\DAE\SEM4\Graphics Programming 2\OverlordEngine\OverlordProject\Resources\Textures\TR\Rock_Normal.png
  D:\DAE\SEM4\Graphics Programming 2\OverlordEngine\OverlordProject\Resources\Textures\TR\Zont_Albedo.TGA
  D:\DAE\SEM4\Graphics Programming 2\OverlordEngine\OverlordProject\Resources\Textures\TR\Zont_Normal.TGA
  D:\DAE\SEM4\Graphics Programming 2\OverlordEngine\OverlordProject\Resources\Textures\TR\Particles\DustParticle.tga
  D:\DAE\SEM4\Graphics Programming 2\OverlordEngine\OverlordProject\Resources\Textures\TR\Particles\Particle.png
  D:\DAE\SEM4\Graphics Programming 2\OverlordEngine\OverlordProject\Resources\Textures\TR\Particles\Particle.tga
  D:\DAE\SEM4\Graphics Programming 2\OverlordEngine\OverlordProject\Resources\Textures\TR\Particles\T_Dandelion_B.TGA
  D:\DAE\SEM4\Graphics Programming 2\OverlordEngine\OverlordProject\Resources\Textures\TR\Particles\T_Emissive.TGA
  235 File(s) copied
