d:\dae\sem4\graphics programming 2\overlordengine\overlordproject\debug\overlordproject.pch
d:\dae\sem4\graphics programming 2\overlordengine\overlordproject\debug\vc142.pdb
d:\dae\sem4\graphics programming 2\overlordengine\overlordproject\debug\vc142.idb
d:\dae\sem4\graphics programming 2\overlordengine\overlordproject\debug\stdafx.obj
d:\dae\sem4\graphics programming 2\overlordengine\overlordproject\debug\postgrayscale.obj
d:\dae\sem4\graphics programming 2\overlordengine\overlordproject\debug\postfog.obj
d:\dae\sem4\graphics programming 2\overlordengine\overlordproject\debug\postfilters.obj
d:\dae\sem4\graphics programming 2\overlordengine\overlordproject\debug\postblur.obj
d:\dae\sem4\graphics programming 2\overlordengine\overlordproject\debug\pbrpropsmaterial.obj
d:\dae\sem4\graphics programming 2\overlordengine\overlordproject\debug\pbrmaterial_shadow.obj
d:\dae\sem4\graphics programming 2\overlordengine\overlordproject\debug\pbrmaterial.obj
d:\dae\sem4\graphics programming 2\overlordengine\overlordproject\debug\pbrgroundmaterial.obj
d:\dae\sem4\graphics programming 2\overlordengine\overlordproject\debug\pbrfoliagematerial.obj
d:\dae\sem4\graphics programming 2\overlordengine\overlordproject\debug\diffusematerial.obj
d:\dae\sem4\graphics programming 2\overlordengine\overlordproject\debug\colormaterial.obj
d:\dae\sem4\graphics programming 2\overlordengine\overlordproject\debug\maingame.obj
d:\dae\sem4\graphics programming 2\overlordengine\overlordproject\debug\main.obj
d:\dae\sem4\graphics programming 2\overlordengine\overlordproject\debug\trtile.obj
d:\dae\sem4\graphics programming 2\overlordengine\overlordproject\debug\trscene.obj
d:\dae\sem4\graphics programming 2\overlordengine\overlordproject\debug\trroad.obj
d:\dae\sem4\graphics programming 2\overlordengine\overlordproject\debug\trhelpers.obj
d:\dae\sem4\graphics programming 2\overlordengine\overlordproject\debug\trcrossroads.obj
d:\dae\sem4\graphics programming 2\overlordengine\overlordproject\debug\ubermaterial.obj
d:\dae\sem4\graphics programming 2\overlordengine\overlordproject\debug\trskinnedmaterial.obj
d:\dae\sem4\graphics programming 2\overlordengine\overlordproject\debug\trpropsmaterial.obj
d:\dae\sem4\graphics programming 2\overlordengine\overlordproject\debug\trmaterial.obj
d:\dae\sem4\graphics programming 2\overlordengine\overlordproject\debug\trgroundmaterial.obj
d:\dae\sem4\graphics programming 2\overlordengine\overlordproject\debug\spikeymaterial.obj
d:\dae\sem4\graphics programming 2\overlordengine\overlordproject\debug\skinneddiffusematerial.obj
d:\dae\sem4\graphics programming 2\overlordengine\overlordproject\debug\skinneddiffusematerial_shadow.obj
d:\dae\sem4\graphics programming 2\overlordengine\overlordproject\debug\diffusematerial_shadow.obj
d:\dae\sem4\graphics programming 2\overlordengine\overlordproject\debug\trcharacter.obj
d:\dae\sem4\graphics programming 2\overlordengine\overlordproject\debug\trcamera.obj
d:\dae\sem4\graphics programming 2\overlordengine\build\debug\overlordproject.exe
d:\dae\sem4\graphics programming 2\overlordengine\build\debug\overlordproject.ilk
d:\dae\sem4\graphics programming 2\overlordengine\build\debug\overlordproject.pdb
d:\dae\sem4\graphics programming 2\overlordengine\overlordproject\debug\vcpkg.applocal.log
d:\dae\sem4\graphics programming 2\overlordengine\overlordproject\..\build\debug\overlordproject.exe
d:\dae\sem4\graphics programming 2\overlordengine\overlordproject\debug\overlordproject.tlog\cl.command.1.tlog
d:\dae\sem4\graphics programming 2\overlordengine\overlordproject\debug\overlordproject.tlog\cl.read.1.tlog
d:\dae\sem4\graphics programming 2\overlordengine\overlordproject\debug\overlordproject.tlog\cl.write.1.tlog
d:\dae\sem4\graphics programming 2\overlordengine\overlordproject\debug\overlordproject.tlog\link.command.1.tlog
d:\dae\sem4\graphics programming 2\overlordengine\overlordproject\debug\overlordproject.tlog\link.read.1.tlog
d:\dae\sem4\graphics programming 2\overlordengine\overlordproject\debug\overlordproject.tlog\link.write.1.tlog
d:\dae\sem4\graphics programming 2\overlordengine\overlordproject\debug\overlordproject.tlog\overlordproject.write.1u.tlog
