d:\dae\sem4\graphics programming 2\overlordengine\overlordproject\release\vc142.pdb
d:\dae\sem4\graphics programming 2\overlordengine\overlordproject\release\trscene.obj
d:\dae\sem4\graphics programming 2\overlordengine\overlordproject\release\softwareskinningscene_2.obj
d:\dae\sem4\graphics programming 2\overlordengine\overlordproject\release\materialtestscene.obj
d:\dae\sem4\graphics programming 2\overlordengine\overlordproject\release\pickscene.obj
d:\dae\sem4\graphics programming 2\overlordengine\overlordproject\release\fonttestscene.obj
d:\dae\sem4\graphics programming 2\overlordengine\overlordproject\release\characterscene.obj
d:\dae\sem4\graphics programming 2\overlordengine\overlordproject\release\character.obj
d:\dae\sem4\graphics programming 2\overlordengine\overlordproject\release\uberscene.obj
d:\dae\sem4\graphics programming 2\overlordengine\overlordproject\release\spritetestscene.obj
d:\dae\sem4\graphics programming 2\overlordengine\overlordproject\release\spikeyscene.obj
d:\dae\sem4\graphics programming 2\overlordengine\overlordproject\release\modeltestscene.obj
d:\dae\sem4\graphics programming 2\overlordengine\overlordproject\release\pongscene.obj
d:\dae\sem4\graphics programming 2\overlordengine\overlordproject\release\minionscene.obj
d:\dae\sem4\graphics programming 2\overlordengine\overlordproject\release\componenttestscene.obj
d:\dae\sem4\graphics programming 2\overlordengine\overlordproject\release\postprocessingscene.obj
d:\dae\sem4\graphics programming 2\overlordengine\overlordproject\release\trtile.obj
d:\dae\sem4\graphics programming 2\overlordengine\overlordproject\release\trroad.obj
d:\dae\sem4\graphics programming 2\overlordengine\overlordproject\release\trhelpers.obj
d:\dae\sem4\graphics programming 2\overlordengine\overlordproject\release\trcrossroads.obj
d:\dae\sem4\graphics programming 2\overlordengine\overlordproject\release\trcharacter.obj
d:\dae\sem4\graphics programming 2\overlordengine\overlordproject\release\trcamera.obj
d:\dae\sem4\graphics programming 2\overlordengine\overlordproject\release\postgrayscale.obj
d:\dae\sem4\graphics programming 2\overlordengine\overlordproject\release\postfog.obj
d:\dae\sem4\graphics programming 2\overlordengine\overlordproject\release\postfilters.obj
d:\dae\sem4\graphics programming 2\overlordengine\overlordproject\release\postblur.obj
d:\dae\sem4\graphics programming 2\overlordengine\overlordproject\release\pbrpropsmaterial.obj
d:\dae\sem4\graphics programming 2\overlordengine\overlordproject\release\pbrmaterial_shadow.obj
d:\dae\sem4\graphics programming 2\overlordengine\overlordproject\release\pbrmaterial.obj
d:\dae\sem4\graphics programming 2\overlordengine\overlordproject\release\pbrgroundmaterial.obj
d:\dae\sem4\graphics programming 2\overlordengine\overlordproject\release\pbrfoliagematerial.obj
d:\dae\sem4\graphics programming 2\overlordengine\overlordproject\release\diffusematerial.obj
d:\dae\sem4\graphics programming 2\overlordengine\overlordproject\release\colormaterial.obj
d:\dae\sem4\graphics programming 2\overlordengine\overlordproject\release\maingame.obj
d:\dae\sem4\graphics programming 2\overlordengine\overlordproject\release\main.obj
d:\dae\sem4\graphics programming 2\overlordengine\overlordproject\release\particlescene.obj
d:\dae\sem4\graphics programming 2\overlordengine\overlordproject\release\shadowmappingscene.obj
d:\dae\sem4\graphics programming 2\overlordengine\overlordproject\release\hardwareskinningscene.obj
d:\dae\sem4\graphics programming 2\overlordengine\overlordproject\release\softwareskinningscene_3.obj
d:\dae\sem4\graphics programming 2\overlordengine\overlordproject\release\softwareskinningscene_1.obj
d:\dae\sem4\graphics programming 2\overlordengine\overlordproject\release\boneobject.obj
d:\dae\sem4\graphics programming 2\overlordengine\overlordproject\release\ubermaterial.obj
d:\dae\sem4\graphics programming 2\overlordengine\overlordproject\release\trskinnedmaterial.obj
d:\dae\sem4\graphics programming 2\overlordengine\overlordproject\release\trpropsmaterial.obj
d:\dae\sem4\graphics programming 2\overlordengine\overlordproject\release\trmaterial.obj
d:\dae\sem4\graphics programming 2\overlordengine\overlordproject\release\trgroundmaterial.obj
d:\dae\sem4\graphics programming 2\overlordengine\overlordproject\release\spikeymaterial.obj
d:\dae\sem4\graphics programming 2\overlordengine\overlordproject\release\skinneddiffusematerial.obj
d:\dae\sem4\graphics programming 2\overlordengine\overlordproject\release\skinneddiffusematerial_shadow.obj
d:\dae\sem4\graphics programming 2\overlordengine\overlordproject\release\diffusematerial_shadow.obj
d:\dae\sem4\graphics programming 2\overlordengine\overlordproject\release\postfxaa.obj
d:\dae\sem4\graphics programming 2\overlordengine\overlordproject\release\overlordproject.pch
d:\dae\sem4\graphics programming 2\overlordengine\overlordproject\release\stdafx.obj
d:\dae\sem4\graphics programming 2\overlordengine\build\release\overlordproject.exe
d:\dae\sem4\graphics programming 2\overlordengine\overlordproject\release\overlordproject.ipdb
d:\dae\sem4\graphics programming 2\overlordengine\overlordproject\release\overlordproject.iobj
d:\dae\sem4\graphics programming 2\overlordengine\build\release\overlordproject.pdb
d:\dae\sem4\graphics programming 2\overlordengine\build\release\overlordproject.ipdb
d:\dae\sem4\graphics programming 2\overlordengine\build\release\overlordproject.iobj
d:\dae\sem4\graphics programming 2\overlordengine\overlordproject\release\vcpkg.applocal.log
d:\dae\sem4\graphics programming 2\overlordengine\overlordproject\release\overlordproject.tlog\cl.command.1.tlog
d:\dae\sem4\graphics programming 2\overlordengine\overlordproject\release\overlordproject.tlog\cl.read.1.tlog
d:\dae\sem4\graphics programming 2\overlordengine\overlordproject\release\overlordproject.tlog\cl.write.1.tlog
d:\dae\sem4\graphics programming 2\overlordengine\overlordproject\release\overlordproject.tlog\link.command.1.tlog
d:\dae\sem4\graphics programming 2\overlordengine\overlordproject\release\overlordproject.tlog\link.read.1.tlog
d:\dae\sem4\graphics programming 2\overlordengine\overlordproject\release\overlordproject.tlog\link.write.1.tlog
d:\dae\sem4\graphics programming 2\overlordengine\overlordproject\release\overlordproject.tlog\overlordproject.write.1u.tlog
