  stdafx.cpp
  TRCamera.cpp
  TRCharacter.cpp
  TRHelpers.cpp
  PostBlur.cpp
  PostFilters.cpp
  PostFog.cpp
  PostFXAA.cpp
  PostGrayscale.cpp
  DiffuseMaterial.cpp
  ColorMaterial.cpp
  PbrFoliageMaterial.cpp
  PbrGroundMaterial.cpp
  PbrMaterial.cpp
  PbrMaterial_Shadow.cpp
  PbrPropsMaterial.cpp
  DiffuseMaterial_Shadow.cpp
  SkinnedDiffuseMaterial_Shadow.cpp
  SkinnedDiffuseMaterial.cpp
  SpikeyMaterial.cpp
  TRGroundMaterial.cpp
  Compiling...
  TRMaterial.cpp
  TRPropsMaterial.cpp
  TRSkinnedMaterial.cpp
  Main.cpp
  MainGame.cpp
  UberMaterial.cpp
  TRScene.cpp
  TRTile.cpp
  TRRoad.cpp
  TRCrossRoads.cpp
  Generating code
  Previous IPDB not found, fall back to full compilation.
  All 5666 functions were compiled because no usable IPDB/IOBJ from previous compilation was found.
  Finished generating code
DxEffects11_vc14_Release.lib(d3dxGlobal.obj) : warning LNK4099: PDB 'DxEffects11_vc14_Release.pdb' was not found with 'DxEffects11_vc14_Release.lib(d3dxGlobal.obj)' or at 'D:\DAE\SEM4\Graphics Programming 2\OverlordEngine\Build\Release\DxEffects11_vc14_Release.pdb'; linking object as if no debug info
DxEffects11_vc14_Release.lib(EffectAPI.obj) : warning LNK4099: PDB 'DxEffects11_vc14_Release.pdb' was not found with 'DxEffects11_vc14_Release.lib(EffectAPI.obj)' or at 'D:\DAE\SEM4\Graphics Programming 2\OverlordEngine\Build\Release\DxEffects11_vc14_Release.pdb'; linking object as if no debug info
DxEffects11_vc14_Release.lib(EffectLoad.obj) : warning LNK4099: PDB 'DxEffects11_vc14_Release.pdb' was not found with 'DxEffects11_vc14_Release.lib(EffectLoad.obj)' or at 'D:\DAE\SEM4\Graphics Programming 2\OverlordEngine\Build\Release\DxEffects11_vc14_Release.pdb'; linking object as if no debug info
DxEffects11_vc14_Release.lib(EffectNonRuntime.obj) : warning LNK4099: PDB 'DxEffects11_vc14_Release.pdb' was not found with 'DxEffects11_vc14_Release.lib(EffectNonRuntime.obj)' or at 'D:\DAE\SEM4\Graphics Programming 2\OverlordEngine\Build\Release\DxEffects11_vc14_Release.pdb'; linking object as if no debug info
DxEffects11_vc14_Release.lib(EffectReflection.obj) : warning LNK4099: PDB 'DxEffects11_vc14_Release.pdb' was not found with 'DxEffects11_vc14_Release.lib(EffectReflection.obj)' or at 'D:\DAE\SEM4\Graphics Programming 2\OverlordEngine\Build\Release\DxEffects11_vc14_Release.pdb'; linking object as if no debug info
DxEffects11_vc14_Release.lib(EffectRuntime.obj) : warning LNK4099: PDB 'DxEffects11_vc14_Release.pdb' was not found with 'DxEffects11_vc14_Release.lib(EffectRuntime.obj)' or at 'D:\DAE\SEM4\Graphics Programming 2\OverlordEngine\Build\Release\DxEffects11_vc14_Release.pdb'; linking object as if no debug info
DxTex_vc14_Release.lib(BC.obj) : warning LNK4099: PDB 'DxTex_vc14_Release.pdb' was not found with 'DxTex_vc14_Release.lib(BC.obj)' or at 'D:\DAE\SEM4\Graphics Programming 2\OverlordEngine\Build\Release\DxTex_vc14_Release.pdb'; linking object as if no debug info
DxTex_vc14_Release.lib(BC4BC5.obj) : warning LNK4099: PDB 'DxTex_vc14_Release.pdb' was not found with 'DxTex_vc14_Release.lib(BC4BC5.obj)' or at 'D:\DAE\SEM4\Graphics Programming 2\OverlordEngine\Build\Release\DxTex_vc14_Release.pdb'; linking object as if no debug info
DxTex_vc14_Release.lib(BC6HBC7.obj) : warning LNK4099: PDB 'DxTex_vc14_Release.pdb' was not found with 'DxTex_vc14_Release.lib(BC6HBC7.obj)' or at 'D:\DAE\SEM4\Graphics Programming 2\OverlordEngine\Build\Release\DxTex_vc14_Release.pdb'; linking object as if no debug info
DxTex_vc14_Release.lib(DirectXTexCompress.obj) : warning LNK4099: PDB 'DxTex_vc14_Release.pdb' was not found with 'DxTex_vc14_Release.lib(DirectXTexCompress.obj)' or at 'D:\DAE\SEM4\Graphics Programming 2\OverlordEngine\Build\Release\DxTex_vc14_Release.pdb'; linking object as if no debug info
DxTex_vc14_Release.lib(DirectXTexConvert.obj) : warning LNK4099: PDB 'DxTex_vc14_Release.pdb' was not found with 'DxTex_vc14_Release.lib(DirectXTexConvert.obj)' or at 'D:\DAE\SEM4\Graphics Programming 2\OverlordEngine\Build\Release\DxTex_vc14_Release.pdb'; linking object as if no debug info
DxTex_vc14_Release.lib(DirectXTexD3D11.obj) : warning LNK4099: PDB 'DxTex_vc14_Release.pdb' was not found with 'DxTex_vc14_Release.lib(DirectXTexD3D11.obj)' or at 'D:\DAE\SEM4\Graphics Programming 2\OverlordEngine\Build\Release\DxTex_vc14_Release.pdb'; linking object as if no debug info
DxTex_vc14_Release.lib(DirectXTexDDS.obj) : warning LNK4099: PDB 'DxTex_vc14_Release.pdb' was not found with 'DxTex_vc14_Release.lib(DirectXTexDDS.obj)' or at 'D:\DAE\SEM4\Graphics Programming 2\OverlordEngine\Build\Release\DxTex_vc14_Release.pdb'; linking object as if no debug info
DxTex_vc14_Release.lib(DirectXTexImage.obj) : warning LNK4099: PDB 'DxTex_vc14_Release.pdb' was not found with 'DxTex_vc14_Release.lib(DirectXTexImage.obj)' or at 'D:\DAE\SEM4\Graphics Programming 2\OverlordEngine\Build\Release\DxTex_vc14_Release.pdb'; linking object as if no debug info
DxTex_vc14_Release.lib(DirectXTexMipMaps.obj) : warning LNK4099: PDB 'DxTex_vc14_Release.pdb' was not found with 'DxTex_vc14_Release.lib(DirectXTexMipMaps.obj)' or at 'D:\DAE\SEM4\Graphics Programming 2\OverlordEngine\Build\Release\DxTex_vc14_Release.pdb'; linking object as if no debug info
DxTex_vc14_Release.lib(DirectXTexTGA.obj) : warning LNK4099: PDB 'DxTex_vc14_Release.pdb' was not found with 'DxTex_vc14_Release.lib(DirectXTexTGA.obj)' or at 'D:\DAE\SEM4\Graphics Programming 2\OverlordEngine\Build\Release\DxTex_vc14_Release.pdb'; linking object as if no debug info
DxTex_vc14_Release.lib(DirectXTexUtil.obj) : warning LNK4099: PDB 'DxTex_vc14_Release.pdb' was not found with 'DxTex_vc14_Release.lib(DirectXTexUtil.obj)' or at 'D:\DAE\SEM4\Graphics Programming 2\OverlordEngine\Build\Release\DxTex_vc14_Release.pdb'; linking object as if no debug info
DxTex_vc14_Release.lib(DirectXTexWIC.obj) : warning LNK4099: PDB 'DxTex_vc14_Release.pdb' was not found with 'DxTex_vc14_Release.lib(DirectXTexWIC.obj)' or at 'D:\DAE\SEM4\Graphics Programming 2\OverlordEngine\Build\Release\DxTex_vc14_Release.pdb'; linking object as if no debug info
  OverlordProject.vcxproj -> D:\DAE\SEM4\Graphics Programming 2\OverlordEngine\Build\Release\OverlordProject.exe
  0 File(s) copied
  0 File(s) copied
