d:\dae\sem4\graphics programming 2\overlordengine\overlordengine\debug\overlordengine.pdb
d:\dae\sem4\graphics programming 2\overlordengine\overlordengine\debug\overlordengine.idb
d:\dae\sem4\graphics programming 2\overlordengine\overlordengine\debug\texturedataloader.obj
d:\dae\sem4\graphics programming 2\overlordengine\overlordengine\debug\texturedata.obj
d:\dae\sem4\graphics programming 2\overlordengine\overlordengine\debug\textrenderer.obj
d:\dae\sem4\graphics programming 2\overlordengine\overlordengine\debug\spriterenderer.obj
d:\dae\sem4\graphics programming 2\overlordengine\overlordengine\debug\spritefontloader.obj
d:\dae\sem4\graphics programming 2\overlordengine\overlordengine\debug\spritefont.obj
d:\dae\sem4\graphics programming 2\overlordengine\overlordengine\debug\spritecomponent.obj
d:\dae\sem4\graphics programming 2\overlordengine\overlordengine\debug\physxhelper.obj
d:\dae\sem4\graphics programming 2\overlordengine\overlordengine\debug\binaryreader.obj
d:\dae\sem4\graphics programming 2\overlordengine\overlordengine\debug\effecthelper.obj
d:\dae\sem4\graphics programming 2\overlordengine\overlordengine\debug\debugrenderer.obj
d:\dae\sem4\graphics programming 2\overlordengine\overlordengine\debug\effectloader.obj
d:\dae\sem4\graphics programming 2\overlordengine\overlordengine\debug\contentmanager.obj
d:\dae\sem4\graphics programming 2\overlordengine\overlordengine\debug\meshindexeddrawcomponent.obj
d:\dae\sem4\graphics programming 2\overlordengine\overlordengine\debug\meshdrawcomponent.obj
d:\dae\sem4\graphics programming 2\overlordengine\overlordengine\debug\overlordgame.obj
d:\dae\sem4\graphics programming 2\overlordengine\overlordengine\debug\basecomponent.obj
d:\dae\sem4\graphics programming 2\overlordengine\overlordengine\debug\cameracomponent.obj
d:\dae\sem4\graphics programming 2\overlordengine\overlordengine\debug\collidercomponent.obj
d:\dae\sem4\graphics programming 2\overlordengine\overlordengine\debug\controllercomponent.obj
d:\dae\sem4\graphics programming 2\overlordengine\overlordengine\debug\transformcomponent.obj
d:\dae\sem4\graphics programming 2\overlordengine\overlordengine\debug\scenemanager.obj
d:\dae\sem4\graphics programming 2\overlordengine\overlordengine\debug\rendertarget.obj
d:\dae\sem4\graphics programming 2\overlordengine\overlordengine\debug\gameobject.obj
d:\dae\sem4\graphics programming 2\overlordengine\overlordengine\debug\gamescene.obj
d:\dae\sem4\graphics programming 2\overlordengine\overlordengine\debug\torusprefab.obj
d:\dae\sem4\graphics programming 2\overlordengine\overlordengine\debug\sphereprefab.obj
d:\dae\sem4\graphics programming 2\overlordengine\overlordengine\debug\freecamera.obj
d:\dae\sem4\graphics programming 2\overlordengine\overlordengine\debug\fixedcamera.obj
d:\dae\sem4\graphics programming 2\overlordengine\overlordengine\debug\gamespecs.obj
d:\dae\sem4\graphics programming 2\overlordengine\overlordengine\debug\gametime.obj
d:\dae\sem4\graphics programming 2\overlordengine\overlordengine\debug\logger.obj
d:\dae\sem4\graphics programming 2\overlordengine\overlordengine\debug\cubeprefab.obj
d:\dae\sem4\graphics programming 2\overlordengine\overlordengine\debug\physxmanager.obj
d:\dae\sem4\graphics programming 2\overlordengine\overlordengine\debug\physxerrorcallback.obj
d:\dae\sem4\graphics programming 2\overlordengine\overlordengine\debug\physxproxy.obj
d:\dae\sem4\graphics programming 2\overlordengine\overlordengine\debug\vertexhelper.obj
d:\dae\sem4\graphics programming 2\overlordengine\overlordengine\debug\imgui_widgets.obj
d:\dae\sem4\graphics programming 2\overlordengine\overlordengine\debug\imgui_impl_win32.obj
d:\dae\sem4\graphics programming 2\overlordengine\overlordengine\debug\imgui_impl_dx11.obj
d:\dae\sem4\graphics programming 2\overlordengine\overlordengine\debug\imgui_draw.obj
d:\dae\sem4\graphics programming 2\overlordengine\overlordengine\debug\imgui_demo.obj
d:\dae\sem4\graphics programming 2\overlordengine\overlordengine\debug\imgui.obj
d:\dae\sem4\graphics programming 2\overlordengine\overlordengine\debug\overlordengine.pch
d:\dae\sem4\graphics programming 2\overlordengine\overlordengine\debug\stdafx.obj
d:\dae\sem4\graphics programming 2\overlordengine\overlordengine\debug\instancedrenderer.obj
d:\dae\sem4\graphics programming 2\overlordengine\overlordengine\debug\instance.obj
d:\dae\sem4\graphics programming 2\overlordengine\overlordengine\debug\inputmanager.obj
d:\dae\sem4\graphics programming 2\overlordengine\overlordengine\debug\rigidbodycomponent.obj
d:\dae\sem4\graphics programming 2\overlordengine\overlordengine\debug\soundmanager.obj
d:\dae\sem4\graphics programming 2\overlordengine\overlordengine\debug\shadowmaprenderer.obj
d:\dae\sem4\graphics programming 2\overlordengine\overlordengine\debug\shadowmapmaterial.obj
d:\dae\sem4\graphics programming 2\overlordengine\overlordengine\debug\pxtrianglemeshloader.obj
d:\dae\sem4\graphics programming 2\overlordengine\overlordengine\debug\pxconvexmeshloader.obj
d:\dae\sem4\graphics programming 2\overlordengine\overlordengine\debug\overlordengine.lib
d:\dae\sem4\graphics programming 2\overlordengine\overlordengine\debug\vcpkg.applocal.log
d:\dae\sem4\graphics programming 2\overlordengine\overlordengine\debug\material.obj
d:\dae\sem4\graphics programming 2\overlordengine\overlordengine\debug\materialmanager.obj
d:\dae\sem4\graphics programming 2\overlordengine\overlordengine\debug\meshfilter.obj
d:\dae\sem4\graphics programming 2\overlordengine\overlordengine\debug\meshfilterloader.obj
d:\dae\sem4\graphics programming 2\overlordengine\overlordengine\debug\modelanimator.obj
d:\dae\sem4\graphics programming 2\overlordengine\overlordengine\debug\modelcomponent.obj
d:\dae\sem4\graphics programming 2\overlordengine\overlordengine\debug\particle.obj
d:\dae\sem4\graphics programming 2\overlordengine\overlordengine\debug\particleemittercomponent.obj
d:\dae\sem4\graphics programming 2\overlordengine\overlordengine\debug\overlordengine.tlog\cl.command.1.tlog
d:\dae\sem4\graphics programming 2\overlordengine\overlordengine\debug\overlordengine.tlog\cl.read.1.tlog
d:\dae\sem4\graphics programming 2\overlordengine\overlordengine\debug\overlordengine.tlog\cl.write.1.tlog
d:\dae\sem4\graphics programming 2\overlordengine\overlordengine\debug\overlordengine.tlog\lib-link.read.1.tlog
d:\dae\sem4\graphics programming 2\overlordengine\overlordengine\debug\overlordengine.tlog\lib-link.write.1.tlog
d:\dae\sem4\graphics programming 2\overlordengine\overlordengine\debug\overlordengine.tlog\lib.command.1.tlog
d:\dae\sem4\graphics programming 2\overlordengine\overlordengine\debug\overlordengine.tlog\overlordengine.write.1u.tlog
