d:\dae\sem4\graphics programming 2\overlordengine\overlordproject\x64\release\overlordproject.pch
d:\dae\sem4\graphics programming 2\overlordengine\overlordproject\x64\release\vc142.pdb
d:\dae\sem4\graphics programming 2\overlordengine\overlordproject\x64\release\stdafx.obj
d:\dae\sem4\graphics programming 2\overlordengine\overlordproject\x64\release\trgroundmaterial.obj
d:\dae\sem4\graphics programming 2\overlordengine\overlordproject\x64\release\spikeymaterial.obj
d:\dae\sem4\graphics programming 2\overlordengine\overlordproject\x64\release\skinneddiffusematerial.obj
d:\dae\sem4\graphics programming 2\overlordengine\overlordproject\x64\release\skinneddiffusematerial_shadow.obj
d:\dae\sem4\graphics programming 2\overlordengine\overlordproject\x64\release\diffusematerial_shadow.obj
d:\dae\sem4\graphics programming 2\overlordengine\overlordproject\x64\release\pbrpropsmaterial.obj
d:\dae\sem4\graphics programming 2\overlordengine\overlordproject\x64\release\pbrmaterial_shadow.obj
d:\dae\sem4\graphics programming 2\overlordengine\overlordproject\x64\release\pbrmaterial.obj
d:\dae\sem4\graphics programming 2\overlordengine\overlordproject\x64\release\pbrgroundmaterial.obj
d:\dae\sem4\graphics programming 2\overlordengine\overlordproject\x64\release\pbrfoliagematerial.obj
d:\dae\sem4\graphics programming 2\overlordengine\overlordproject\x64\release\colormaterial.obj
d:\dae\sem4\graphics programming 2\overlordengine\overlordproject\x64\release\diffusematerial.obj
d:\dae\sem4\graphics programming 2\overlordengine\overlordproject\x64\release\postgrayscale.obj
d:\dae\sem4\graphics programming 2\overlordengine\overlordproject\x64\release\postfxaa.obj
d:\dae\sem4\graphics programming 2\overlordengine\overlordproject\x64\release\postfog.obj
d:\dae\sem4\graphics programming 2\overlordengine\overlordproject\x64\release\postfilters.obj
d:\dae\sem4\graphics programming 2\overlordengine\overlordproject\x64\release\postblur.obj
d:\dae\sem4\graphics programming 2\overlordengine\overlordproject\x64\release\trhelpers.obj
d:\dae\sem4\graphics programming 2\overlordengine\overlordproject\x64\release\trcharacter.obj
d:\dae\sem4\graphics programming 2\overlordengine\overlordproject\x64\release\trcamera.obj
d:\dae\sem4\graphics programming 2\overlordengine\overlordproject\x64\release\trcrossroads.obj
d:\dae\sem4\graphics programming 2\overlordengine\overlordproject\x64\release\trroad.obj
d:\dae\sem4\graphics programming 2\overlordengine\overlordproject\x64\release\trtile.obj
d:\dae\sem4\graphics programming 2\overlordengine\overlordproject\x64\release\trscene.obj
d:\dae\sem4\graphics programming 2\overlordengine\overlordproject\x64\release\ubermaterial.obj
d:\dae\sem4\graphics programming 2\overlordengine\overlordproject\x64\release\maingame.obj
d:\dae\sem4\graphics programming 2\overlordengine\overlordproject\x64\release\main.obj
d:\dae\sem4\graphics programming 2\overlordengine\overlordproject\x64\release\trskinnedmaterial.obj
d:\dae\sem4\graphics programming 2\overlordengine\overlordproject\x64\release\trpropsmaterial.obj
d:\dae\sem4\graphics programming 2\overlordengine\overlordproject\x64\release\trmaterial.obj
d:\dae\sem4\graphics programming 2\overlordengine\overlordproject\x64\release\overlordproject.tlog\cl.command.1.tlog
d:\dae\sem4\graphics programming 2\overlordengine\overlordproject\x64\release\overlordproject.tlog\cl.read.1.tlog
d:\dae\sem4\graphics programming 2\overlordengine\overlordproject\x64\release\overlordproject.tlog\cl.write.1.tlog
d:\dae\sem4\graphics programming 2\overlordengine\overlordproject\x64\release\overlordproject.tlog\link.command.1.tlog
d:\dae\sem4\graphics programming 2\overlordengine\overlordproject\x64\release\overlordproject.tlog\link.read.1.tlog
d:\dae\sem4\graphics programming 2\overlordengine\overlordproject\x64\release\overlordproject.tlog\link.write.1.tlog
