  stdafx.cpp
  ControllerComponent.cpp
  Instance.cpp
  InstancedRenderer.cpp
  Material.cpp
  MaterialManager.cpp
  MeshFilter.cpp
  MeshFilterLoader.cpp
  ModelAnimator.cpp
  ModelComponent.cpp
  Particle.cpp
  ParticleEmitterComponent.cpp
  PostProcessingMaterial.cpp
  PxConvexMeshLoader.cpp
  PxTriangleMeshLoader.cpp
  ShadowMapMaterial.cpp
  ShadowMapRenderer.cpp
  SoundManager.cpp
  RigidBodyComponent.cpp
  InputManager.cpp
  ColliderComponent.cpp
  Compiling...
  CameraComponent.cpp
  BaseComponent.cpp
  OverlordGame.cpp
  MeshDrawComponent.cpp
  MeshIndexedDrawComponent.cpp
  ContentManager.cpp
  EffectLoader.cpp
  DebugRenderer.cpp
  EffectHelper.cpp
  BinaryReader.cpp
  PhysxHelper.cpp
  SpriteComponent.cpp
  SpriteFont.cpp
  SpriteFontLoader.cpp
  SpriteRenderer.cpp
  TextRenderer.cpp
  TextureData.cpp
  TextureDataLoader.cpp
  VertexHelper.cpp
  PhysxProxy.cpp
  Compiling...
  PhysxErrorCallback.cpp
  PhysxManager.cpp
  CubePrefab.cpp
  Logger.cpp
  GameTime.cpp
  GameSpecs.cpp
  FixedCamera.cpp
  FreeCamera.cpp
  SpherePrefab.cpp
  TorusPrefab.cpp
  GameScene.cpp
  GameObject.cpp
  RenderTarget.cpp
  SceneManager.cpp
  TransformComponent.cpp
  imgui.cpp
  imgui_demo.cpp
  imgui_draw.cpp
  imgui_impl_dx11.cpp
  imgui_impl_win32.cpp
  imgui_widgets.cpp
  OverlordEngine.vcxproj -> D:\DAE\SEM4\Graphics Programming 2\OverlordEngine\OverlordEngine\Release\OverlordEngine.lib
