d:\dae\sem4\graphics programming 2\overlordengine\overlordengine\release\overlordengine.pdb
d:\dae\sem4\graphics programming 2\overlordengine\overlordengine\release\rendertarget.obj
d:\dae\sem4\graphics programming 2\overlordengine\overlordengine\release\overlordgame.obj
d:\dae\sem4\graphics programming 2\overlordengine\overlordengine\release\texturedataloader.obj
d:\dae\sem4\graphics programming 2\overlordengine\overlordengine\release\shadowmaprenderer.obj
d:\dae\sem4\graphics programming 2\overlordengine\overlordengine\release\postprocessingmaterial.obj
d:\dae\sem4\graphics programming 2\overlordengine\overlordengine\release\gamescene.obj
d:\dae\sem4\graphics programming 2\overlordengine\overlordengine\release\contentmanager.obj
d:\dae\sem4\graphics programming 2\overlordengine\overlordengine\release\overlordengine.pch
d:\dae\sem4\graphics programming 2\overlordengine\overlordengine\release\stdafx.obj
d:\dae\sem4\graphics programming 2\overlordengine\overlordengine\release\collidercomponent.obj
d:\dae\sem4\graphics programming 2\overlordengine\overlordengine\release\inputmanager.obj
d:\dae\sem4\graphics programming 2\overlordengine\overlordengine\release\rigidbodycomponent.obj
d:\dae\sem4\graphics programming 2\overlordengine\overlordengine\release\soundmanager.obj
d:\dae\sem4\graphics programming 2\overlordengine\overlordengine\release\shadowmapmaterial.obj
d:\dae\sem4\graphics programming 2\overlordengine\overlordengine\release\pxtrianglemeshloader.obj
d:\dae\sem4\graphics programming 2\overlordengine\overlordengine\release\pxconvexmeshloader.obj
d:\dae\sem4\graphics programming 2\overlordengine\overlordengine\release\particleemittercomponent.obj
d:\dae\sem4\graphics programming 2\overlordengine\overlordengine\release\particle.obj
d:\dae\sem4\graphics programming 2\overlordengine\overlordengine\release\modelcomponent.obj
d:\dae\sem4\graphics programming 2\overlordengine\overlordengine\release\modelanimator.obj
d:\dae\sem4\graphics programming 2\overlordengine\overlordengine\release\meshfilterloader.obj
d:\dae\sem4\graphics programming 2\overlordengine\overlordengine\release\meshfilter.obj
d:\dae\sem4\graphics programming 2\overlordengine\overlordengine\release\materialmanager.obj
d:\dae\sem4\graphics programming 2\overlordengine\overlordengine\release\material.obj
d:\dae\sem4\graphics programming 2\overlordengine\overlordengine\release\instancedrenderer.obj
d:\dae\sem4\graphics programming 2\overlordengine\overlordengine\release\instance.obj
d:\dae\sem4\graphics programming 2\overlordengine\overlordengine\release\controllercomponent.obj
d:\dae\sem4\graphics programming 2\overlordengine\overlordengine\release\vertexhelper.obj
d:\dae\sem4\graphics programming 2\overlordengine\overlordengine\release\texturedata.obj
d:\dae\sem4\graphics programming 2\overlordengine\overlordengine\release\textrenderer.obj
d:\dae\sem4\graphics programming 2\overlordengine\overlordengine\release\spriterenderer.obj
d:\dae\sem4\graphics programming 2\overlordengine\overlordengine\release\spritefontloader.obj
d:\dae\sem4\graphics programming 2\overlordengine\overlordengine\release\spritefont.obj
d:\dae\sem4\graphics programming 2\overlordengine\overlordengine\release\spritecomponent.obj
d:\dae\sem4\graphics programming 2\overlordengine\overlordengine\release\physxhelper.obj
d:\dae\sem4\graphics programming 2\overlordengine\overlordengine\release\binaryreader.obj
d:\dae\sem4\graphics programming 2\overlordengine\overlordengine\release\effecthelper.obj
d:\dae\sem4\graphics programming 2\overlordengine\overlordengine\release\debugrenderer.obj
d:\dae\sem4\graphics programming 2\overlordengine\overlordengine\release\effectloader.obj
d:\dae\sem4\graphics programming 2\overlordengine\overlordengine\release\meshindexeddrawcomponent.obj
d:\dae\sem4\graphics programming 2\overlordengine\overlordengine\release\meshdrawcomponent.obj
d:\dae\sem4\graphics programming 2\overlordengine\overlordengine\release\basecomponent.obj
d:\dae\sem4\graphics programming 2\overlordengine\overlordengine\release\cameracomponent.obj
d:\dae\sem4\graphics programming 2\overlordengine\overlordengine\release\transformcomponent.obj
d:\dae\sem4\graphics programming 2\overlordengine\overlordengine\release\scenemanager.obj
d:\dae\sem4\graphics programming 2\overlordengine\overlordengine\release\gameobject.obj
d:\dae\sem4\graphics programming 2\overlordengine\overlordengine\release\torusprefab.obj
d:\dae\sem4\graphics programming 2\overlordengine\overlordengine\release\sphereprefab.obj
d:\dae\sem4\graphics programming 2\overlordengine\overlordengine\release\freecamera.obj
d:\dae\sem4\graphics programming 2\overlordengine\overlordengine\release\fixedcamera.obj
d:\dae\sem4\graphics programming 2\overlordengine\overlordengine\release\gamespecs.obj
d:\dae\sem4\graphics programming 2\overlordengine\overlordengine\release\gametime.obj
d:\dae\sem4\graphics programming 2\overlordengine\overlordengine\release\logger.obj
d:\dae\sem4\graphics programming 2\overlordengine\overlordengine\release\cubeprefab.obj
d:\dae\sem4\graphics programming 2\overlordengine\overlordengine\release\physxerrorcallback.obj
d:\dae\sem4\graphics programming 2\overlordengine\overlordengine\release\physxmanager.obj
d:\dae\sem4\graphics programming 2\overlordengine\overlordengine\release\physxproxy.obj
d:\dae\sem4\graphics programming 2\overlordengine\overlordengine\release\imgui_widgets.obj
d:\dae\sem4\graphics programming 2\overlordengine\overlordengine\release\imgui_impl_win32.obj
d:\dae\sem4\graphics programming 2\overlordengine\overlordengine\release\imgui_impl_dx11.obj
d:\dae\sem4\graphics programming 2\overlordengine\overlordengine\release\imgui_draw.obj
d:\dae\sem4\graphics programming 2\overlordengine\overlordengine\release\imgui_demo.obj
d:\dae\sem4\graphics programming 2\overlordengine\overlordengine\release\imgui.obj
d:\dae\sem4\graphics programming 2\overlordengine\overlordengine\release\overlordengine.lib
d:\dae\sem4\graphics programming 2\overlordengine\overlordengine\release\vcpkg.applocal.log
d:\dae\sem4\graphics programming 2\overlordengine\overlordengine\release\overlordengine.tlog\cl.command.1.tlog
d:\dae\sem4\graphics programming 2\overlordengine\overlordengine\release\overlordengine.tlog\cl.read.1.tlog
d:\dae\sem4\graphics programming 2\overlordengine\overlordengine\release\overlordengine.tlog\cl.write.1.tlog
d:\dae\sem4\graphics programming 2\overlordengine\overlordengine\release\overlordengine.tlog\lib-link.read.1.tlog
d:\dae\sem4\graphics programming 2\overlordengine\overlordengine\release\overlordengine.tlog\lib-link.write.1.tlog
d:\dae\sem4\graphics programming 2\overlordengine\overlordengine\release\overlordengine.tlog\lib.command.1.tlog
d:\dae\sem4\graphics programming 2\overlordengine\overlordengine\release\overlordengine.tlog\overlordengine.write.1u.tlog
